# JRE version: OpenJDK Runtime Environment (8.0_202-b03) (build 1.8.0_202-release-1483-b03)
# Java VM: OpenJDK 64-Bit Server VM (25.202-b03 mixed mode windows-amd64 compressed oops)
Heap:
 PSYoungGen      total 255488K, used 138209K [0x00000000e0000000, 0x00000000f4000000, 0x0000000100000000)
  eden space 230400K, 53% used [0x00000000e0000000,0x00000000e78d5ad8,0x00000000ee100000)
  from space 25088K, 57% used [0x00000000ef980000,0x00000000f07a2c20,0x00000000f1200000)
  to   space 25088K, 0% used [0x00000000ee100000,0x00000000ee100000,0x00000000ef980000)
 ParOldGen       total 120320K, used 44539K [0x00000000a0000000, 0x00000000a7580000, 0x00000000e0000000)
  object space 120320K, 37% used [0x00000000a0000000,0x00000000a2b7ec50,0x00000000a7580000)
 Metaspace       used 85781K, capacity 89838K, committed 90072K, reserved 1126400K
  class space    used 11415K, capacity 12171K, committed 12288K, reserved 1048576K
GC Heap History (10 events):
Event: 8933.836 GC heap before
{Heap before GC invocations=16 (full 3):
 PSYoungGen      total 204800K, used 185856K [0x00000000e0000000, 0x00000000ef500000, 0x0000000100000000)
  eden space 185856K, 100% used [0x00000000e0000000,0x00000000eb580000,0x00000000eb580000)
  from space 18944K, 0% used [0x00000000ec880000,0x00000000ec880000,0x00000000edb00000)
  to   space 19456K, 0% used [0x00000000eb580000,0x00000000eb580000,0x00000000ec880000)
 ParOldGen       total 120320K, used 30105K [0x00000000a0000000, 0x00000000a7580000, 0x00000000e0000000)
  object space 120320K, 25% used [0x00000000a0000000,0x00000000a1d66478,0x00000000a7580000)
 Metaspace       used 63539K, capacity 65592K, committed 65880K, reserved 1105920K
  class space    used 8358K, capacity 8789K, committed 8832K, reserved 1048576K
Event: 8933.854 GC heap after
Heap after GC invocations=16 (full 3):
 PSYoungGen      total 205312K, used 9899K [0x00000000e0000000, 0x00000000f0980000, 0x0000000100000000)
  eden space 185856K, 0% used [0x00000000e0000000,0x00000000e0000000,0x00000000eb580000)
  from space 19456K, 50% used [0x00000000eb580000,0x00000000ebf2afa0,0x00000000ec880000)
  to   space 18944K, 0% used [0x00000000ef700000,0x00000000ef700000,0x00000000f0980000)
 ParOldGen       total 120320K, used 30113K [0x00000000a0000000, 0x00000000a7580000, 0x00000000e0000000)
  object space 120320K, 25% used [0x00000000a0000000,0x00000000a1d68478,0x00000000a7580000)
 Metaspace       used 63539K, capacity 65592K, committed 65880K, reserved 1105920K
  class space    used 8358K, capacity 8789K, committed 8832K, reserved 1048576K
}
Event: 8935.399 GC heap before
{Heap before GC invocations=17 (full 3):
 PSYoungGen      total 205312K, used 195755K [0x00000000e0000000, 0x00000000f0980000, 0x0000000100000000)
  eden space 185856K, 100% used [0x00000000e0000000,0x00000000eb580000,0x00000000eb580000)
  from space 19456K, 50% used [0x00000000eb580000,0x00000000ebf2afa0,0x00000000ec880000)
  to   space 18944K, 0% used [0x00000000ef700000,0x00000000ef700000,0x00000000f0980000)
 ParOldGen       total 120320K, used 30113K [0x00000000a0000000, 0x00000000a7580000, 0x00000000e0000000)
  object space 120320K, 25% used [0x00000000a0000000,0x00000000a1d68478,0x00000000a7580000)
 Metaspace       used 67085K, capacity 69406K, committed 69720K, reserved 1110016K
  class space    used 8756K, capacity 9264K, committed 9344K, reserved 1048576K
Event: 8935.420 GC heap after
Heap after GC invocations=17 (full 3):
 PSYoungGen      total 249344K, used 17189K [0x00000000e0000000, 0x00000000f0a00000, 0x0000000100000000)
  eden space 230400K, 0% used [0x00000000e0000000,0x00000000e0000000,0x00000000ee100000)
  from space 18944K, 90% used [0x00000000ef700000,0x00000000f07c9728,0x00000000f0980000)
  to   space 20992K, 0% used [0x00000000ee100000,0x00000000ee100000,0x00000000ef580000)
 ParOldGen       total 120320K, used 30121K [0x00000000a0000000, 0x00000000a7580000, 0x00000000e0000000)
  object space 120320K, 25% used [0x00000000a0000000,0x00000000a1d6a478,0x00000000a7580000)
 Metaspace       used 67085K, capacity 69406K, committed 69720K, reserved 1110016K
  class space    used 8756K, capacity 9264K, committed 9344K, reserved 1048576K
}
Event: 8938.442 GC heap before
{Heap before GC invocations=18 (full 3):
 PSYoungGen      total 249344K, used 154430K [0x00000000e0000000, 0x00000000f0a00000, 0x0000000100000000)
  eden space 230400K, 59% used [0x00000000e0000000,0x00000000e86063d0,0x00000000ee100000)
  from space 18944K, 90% used [0x00000000ef700000,0x00000000f07c9728,0x00000000f0980000)
  to   space 20992K, 0% used [0x00000000ee100000,0x00000000ee100000,0x00000000ef580000)
 ParOldGen       total 120320K, used 30121K [0x00000000a0000000, 0x00000000a7580000, 0x00000000e0000000)
  object space 120320K, 25% used [0x00000000a0000000,0x00000000a1d6a478,0x00000000a7580000)
 Metaspace       used 72130K, capacity 74532K, committed 74840K, reserved 1114112K
  class space    used 9502K, capacity 9989K, committed 10112K, reserved 1048576K
Event: 8938.463 GC heap after
Heap after GC invocations=18 (full 3):
 PSYoungGen      total 251392K, used 20965K [0x00000000e0000000, 0x00000000f1200000, 0x0000000100000000)
  eden space 230400K, 0% used [0x00000000e0000000,0x00000000e0000000,0x00000000ee100000)
  from space 20992K, 99% used [0x00000000ee100000,0x00000000ef5797f8,0x00000000ef580000)
  to   space 25088K, 0% used [0x00000000ef980000,0x00000000ef980000,0x00000000f1200000)
 ParOldGen       total 120320K, used 33504K [0x00000000a0000000, 0x00000000a7580000, 0x00000000e0000000)
  object space 120320K, 27% used [0x00000000a0000000,0x00000000a20b82e0,0x00000000a7580000)
 Metaspace       used 72130K, capacity 74532K, committed 74840K, reserved 1114112K
  class space    used 9502K, capacity 9989K, committed 10112K, reserved 1048576K
}
Event: 8938.463 GC heap before
{Heap before GC invocations=19 (full 4):
 PSYoungGen      total 251392K, used 20965K [0x00000000e0000000, 0x00000000f1200000, 0x0000000100000000)
  eden space 230400K, 0% used [0x00000000e0000000,0x00000000e0000000,0x00000000ee100000)
  from space 20992K, 99% used [0x00000000ee100000,0x00000000ef5797f8,0x00000000ef580000)
  to   space 25088K, 0% used [0x00000000ef980000,0x00000000ef980000,0x00000000f1200000)
 ParOldGen       total 120320K, used 33504K [0x00000000a0000000, 0x00000000a7580000, 0x00000000e0000000)
  object space 120320K, 27% used [0x00000000a0000000,0x00000000a20b82e0,0x00000000a7580000)
 Metaspace       used 72130K, capacity 74532K, committed 74840K, reserved 1114112K
  class space    used 9502K, capacity 9989K, committed 10112K, reserved 1048576K
Event: 8938.633 GC heap after
Heap after GC invocations=19 (full 4):
 PSYoungGen      total 251392K, used 0K [0x00000000e0000000, 0x00000000f1200000, 0x0000000100000000)
  eden space 230400K, 0% used [0x00000000e0000000,0x00000000e0000000,0x00000000ee100000)
  from space 20992K, 0% used [0x00000000ee100000,0x00000000ee100000,0x00000000ef580000)
  to   space 25088K, 0% used [0x00000000ef980000,0x00000000ef980000,0x00000000f1200000)
 ParOldGen       total 120320K, used 44531K [0x00000000a0000000, 0x00000000a7580000, 0x00000000e0000000)
  object space 120320K, 37% used [0x00000000a0000000,0x00000000a2b7cc50,0x00000000a7580000)
 Metaspace       used 71828K, capacity 73866K, committed 74840K, reserved 1114112K
  class space    used 9429K, capacity 9856K, committed 10112K, reserved 1048576K
}
Event: 8949.456 GC heap before
{Heap before GC invocations=20 (full 4):
 PSYoungGen      total 251392K, used 230400K [0x00000000e0000000, 0x00000000f1200000, 0x0000000100000000)
  eden space 230400K, 100% used [0x00000000e0000000,0x00000000ee100000,0x00000000ee100000)
  from space 20992K, 0% used [0x00000000ee100000,0x00000000ee100000,0x00000000ef580000)
  to   space 25088K, 0% used [0x00000000ef980000,0x00000000ef980000,0x00000000f1200000)
 ParOldGen       total 120320K, used 44531K [0x00000000a0000000, 0x00000000a7580000, 0x00000000e0000000)
  object space 120320K, 37% used [0x00000000a0000000,0x00000000a2b7cc50,0x00000000a7580000)
 Metaspace       used 78455K, capacity 80830K, committed 81240K, reserved 1120256K
  class space    used 10204K, capacity 10714K, committed 10880K, reserved 1048576K
Event: 8949.476 GC heap after
Heap after GC invocations=20 (full 4):
 PSYoungGen      total 255488K, used 14475K [0x00000000e0000000, 0x00000000f4000000, 0x0000000100000000)
  eden space 230400K, 0% used [0x00000000e0000000,0x00000000e0000000,0x00000000ee100000)
  from space 25088K, 57% used [0x00000000ef980000,0x00000000f07a2c20,0x00000000f1200000)
  to   space 25088K, 0% used [0x00000000ee100000,0x00000000ee100000,0x00000000ef980000)
 ParOldGen       total 120320K, used 44539K [0x00000000a0000000, 0x00000000a7580000, 0x00000000e0000000)
  object space 120320K, 37% used [0x00000000a0000000,0x00000000a2b7ec50,0x00000000a7580000)
 Metaspace       used 78455K, capacity 80830K, committed 81240K, reserved 1120256K
  class space    used 10204K, capacity 10714K, committed 10880K, reserved 1048576K
}

